<?xml version="1.0" encoding="UTF-8"?>
<!-- Generated by org.testng.reporters.JUnitReportReporter -->
<testsuite skipped="0" hostname="HP" name="GIT.Gitrep$GitRep" tests="3" failures="0" timestamp="18 Aug 2018 17:10:22 GMT" time="64.777" errors="0">
  <testcase name="method1" time="35.052" classname="GIT.Gitrep$GitRep"/>
  <testcase name="method2" time="29.720" classname="GIT.Gitrep$GitRep"/>
  <testcase name="method3" time="0.005" classname="GIT.Gitrep$GitRep"/>
</testsuite> <!-- GIT.Gitrep$GitRep -->
