<?xml version="1.0" encoding="UTF-8"?>
<!-- Generated by org.testng.reporters.JUnitReportReporter -->
<testsuite skipped="0" hostname="HP" name="GIT.Gitrep$GitRep" tests="3" failures="0" timestamp="18 Aug 2018 05:28:21 GMT" time="0.014" errors="0">
  <testcase name="method1" time="0.011" classname="GIT.Gitrep$GitRep"/>
  <testcase name="method2" time="0.002" classname="GIT.Gitrep$GitRep"/>
  <testcase name="method3" time="0.001" classname="GIT.Gitrep$GitRep"/>
</testsuite> <!-- GIT.Gitrep$GitRep -->
