<?xml version="1.0" encoding="UTF-8"?>
<!-- Generated by org.testng.reporters.JUnitReportReporter -->
<testsuite skipped="0" hostname="HP" name="GIT.Gitrep2" tests="3" failures="0" timestamp="18 Aug 2018 17:28:58 GMT" time="0.016" errors="0">
  <testcase name="method1" time="0.010" classname="GIT.Gitrep2"/>
  <testcase name="method2" time="0.003" classname="GIT.Gitrep2"/>
  <testcase name="method3" time="0.003" classname="GIT.Gitrep2"/>
</testsuite> <!-- GIT.Gitrep2 -->
