<?xml version="1.0" encoding="UTF-8"?>
<!-- Generated by org.testng.reporters.JUnitReportReporter -->
<testsuite skipped="0" hostname="HP" name="GIT.Gitrep$GitRep" tests="3" failures="0" timestamp="18 Aug 2018 17:28:58 GMT" time="24.108" errors="0">
  <testcase name="method1" time="13.383" classname="GIT.Gitrep$GitRep"/>
  <testcase name="method2" time="10.722" classname="GIT.Gitrep$GitRep"/>
  <testcase name="method3" time="0.003" classname="GIT.Gitrep$GitRep"/>
</testsuite> <!-- GIT.Gitrep$GitRep -->
